[2025-11-27 15:38:58,002: INFO: main: >>>>>> Data Ingestion Stage started <<<<<<]
[2025-11-27 15:38:58,028: INFO: common: YAML file config\config.yaml loaded successfully]
[2025-11-27 15:38:58,048: INFO: common: YAML file params.yaml loaded successfully]
[2025-11-27 15:38:58,049: INFO: common: created directory at: artifacts]
[2025-11-27 15:38:58,051: INFO: common: created directory at: artifacts/data_ingestion]
[2025-11-27 15:39:10,805: INFO: data_ingestion: artifacts\data_ingestion\data.zip download! with following info: 
Connection: close
Content-Length: 11616915
Cache-Control: max-age=300
Content-Security-Policy: default-src 'none'; style-src 'unsafe-inline'; sandbox
Content-Type: application/zip
ETag: "adf745abc03891fe493c3be264ec012691fe3fa21d861f35a27edbe6d86a76b1"
Strict-Transport-Security: max-age=31536000
X-Content-Type-Options: nosniff
X-Frame-Options: deny
X-XSS-Protection: 1; mode=block
X-GitHub-Request-Id: F530:382844:234B6A:3F63D6:69282337
Accept-Ranges: bytes
Date: Thu, 27 Nov 2025 10:09:01 GMT
Via: 1.1 varnish
X-Served-By: cache-del21732-DEL
X-Cache: MISS
X-Cache-Hits: 0
X-Timer: S1764238140.222960,VS0,VE985
Vary: Authorization,Accept-Encoding
Access-Control-Allow-Origin: *
Cross-Origin-Resource-Policy: cross-origin
X-Fastly-Request-ID: 009a5ebd30cc4bcfdb8860c46dd90fae3eeac7a1
Expires: Thu, 27 Nov 2025 10:14:01 GMT
Source-Age: 1

]
[2025-11-27 15:39:11,649: INFO: main: >>>>>> Data Ingestion Stage completed <<<<<<

x==========x]
